build/app/intermediates/manifest_merge_blame_file/debug/manifest-merger-blame-debug-report.txt
1<?xml version="1.0" encoding="utf-8"?>
2<manifest xmlns:android="http://schemas.android.com/apk/res/android"
3    package="com.example.whatsapp_messenger"
4    android:versionCode="1"
5    android:versionName="1.0.0" >
6
7    <uses-sdk
8        android:minSdkVersion="24"
9        android:targetSdkVersion="33" />
10    <!--
11         The INTERNET permission is required for development. Specifically,
12         the Flutter tool needs it to communicate with the running application
13         to allow setting breakpoints, to provide hot reload, etc.
14    -->
15    <uses-permission android:name="android.permission.INTERNET" />
15-->src/debug/AndroidManifest.xml:6:5-66
15-->src/debug/AndroidManifest.xml:6:22-64
16    <uses-permission android:name="android.permission.ACCESS_NETWORK_STATE" />
16-->src/main/AndroidManifest.xml:2:5-79
16-->src/main/AndroidManifest.xml:2:22-76
17    <uses-permission android:name="android.permission.READ_MEDIA_IMAGES" />
17-->src/main/AndroidManifest.xml:3:5-76
17-->src/main/AndroidManifest.xml:3:22-73
18    <uses-permission android:name="android.permission.READ_CONTACTS" />
18-->src/main/AndroidManifest.xml:4:5-71
18-->src/main/AndroidManifest.xml:4:22-69
19    <uses-permission android:name="android.permission.WRITE_CONTACTS" />
19-->src/main/AndroidManifest.xml:5:5-72
19-->src/main/AndroidManifest.xml:5:22-70
20    <uses-permission android:name="android.permission.READ_EXTERNAL_STORAGE" />
20-->[:photo_manager] AndroidManifest.xml:9:5-80
20-->[:photo_manager] AndroidManifest.xml:9:22-77
21
22    <permission
22-->[androidx.core:core:1.10.1] AndroidManifest.xml:22:5-24:47
23        android:name="com.example.whatsapp_messenger.DYNAMIC_RECEIVER_NOT_EXPORTED_PERMISSION"
23-->[androidx.core:core:1.10.1] AndroidManifest.xml:23:9-81
24        android:protectionLevel="signature" />
24-->[androidx.core:core:1.10.1] AndroidManifest.xml:24:9-44
25
26    <uses-permission android:name="com.example.whatsapp_messenger.DYNAMIC_RECEIVER_NOT_EXPORTED_PERMISSION" />
26-->[androidx.core:core:1.10.1] AndroidManifest.xml:26:5-97
26-->[androidx.core:core:1.10.1] AndroidManifest.xml:26:22-94
27
28    <application
29        android:name="android.app.Application"
30        android:appComponentFactory="androidx.core.app.CoreComponentFactory"
30-->[androidx.core:core:1.10.1] AndroidManifest.xml:28:18-86
31        android:debuggable="true"
32        android:extractNativeLibs="false"
33        android:icon="@mipmap/ic_launcher"
34        android:label="whatsapp_messenger" >
35        <activity
36            android:name="com.example.whatsapp_messenger.MainActivity"
37            android:configChanges="orientation|keyboardHidden|keyboard|screenSize|smallestScreenSize|locale|layoutDirection|fontScale|screenLayout|density|uiMode"
38            android:exported="true"
39            android:hardwareAccelerated="true"
40            android:launchMode="singleTop"
41            android:theme="@style/LaunchTheme"
42            android:windowSoftInputMode="adjustResize" >
43
44            <!--
45                 Specifies an Android theme to apply to this Activity as soon as
46                 the Android process has started. This theme is visible to the user
47                 while the Flutter UI initializes. After that, this theme continues
48                 to determine the Window background behind the Flutter UI.
49            -->
50            <meta-data
51                android:name="io.flutter.embedding.android.NormalTheme"
52                android:resource="@style/NormalTheme" />
53
54            <intent-filter>
55                <action android:name="android.intent.action.MAIN" />
56
57                <category android:name="android.intent.category.LAUNCHER" />
58            </intent-filter>
59        </activity>
60        <!--
61             Don't delete the meta-data below.
62             This is used by the Flutter tool to generate GeneratedPluginRegistrant.java
63        -->
64        <meta-data
65            android:name="flutterEmbedding"
66            android:value="2" />
67
68        <service
68-->[:firebase_database] AndroidManifest.xml:10:9-14:19
69            android:name="com.google.firebase.components.ComponentDiscoveryService"
69-->[:firebase_database] AndroidManifest.xml:10:18-89
70            android:directBootAware="true"
70-->[com.google.firebase:firebase-common:20.3.3] AndroidManifest.xml:34:13-43
71            android:exported="false" >
71-->[com.google.firebase:firebase-auth:22.1.2] AndroidManifest.xml:68:13-37
72            <meta-data
72-->[:firebase_database] AndroidManifest.xml:11:13-13:85
73                android:name="com.google.firebase.components:io.flutter.plugins.firebase.database.FlutterFirebaseAppRegistrar"
73-->[:firebase_database] AndroidManifest.xml:12:17-127
74                android:value="com.google.firebase.components.ComponentRegistrar" />
74-->[:firebase_database] AndroidManifest.xml:13:17-82
75            <meta-data
75-->[:cloud_firestore] AndroidManifest.xml:11:13-13:85
76                android:name="com.google.firebase.components:io.flutter.plugins.firebase.firestore.FlutterFirebaseFirestoreRegistrar"
76-->[:cloud_firestore] AndroidManifest.xml:12:17-134
77                android:value="com.google.firebase.components.ComponentRegistrar" />
77-->[:cloud_firestore] AndroidManifest.xml:13:17-82
78            <meta-data
78-->[:firebase_auth] AndroidManifest.xml:11:13-13:85
79                android:name="com.google.firebase.components:io.flutter.plugins.firebase.auth.FlutterFirebaseAuthRegistrar"
79-->[:firebase_auth] AndroidManifest.xml:12:17-124
80                android:value="com.google.firebase.components.ComponentRegistrar" />
80-->[:firebase_auth] AndroidManifest.xml:13:17-82
81            <meta-data
81-->[:firebase_storage] AndroidManifest.xml:11:13-13:85
82                android:name="com.google.firebase.components:io.flutter.plugins.firebase.storage.FlutterFirebaseAppRegistrar"
82-->[:firebase_storage] AndroidManifest.xml:12:17-126
83                android:value="com.google.firebase.components.ComponentRegistrar" />
83-->[:firebase_storage] AndroidManifest.xml:13:17-82
84            <meta-data
84-->[:firebase_core] AndroidManifest.xml:11:13-13:85
85                android:name="com.google.firebase.components:io.flutter.plugins.firebase.core.FlutterFirebaseCoreRegistrar"
85-->[:firebase_core] AndroidManifest.xml:12:17-124
86                android:value="com.google.firebase.components.ComponentRegistrar" />
86-->[:firebase_core] AndroidManifest.xml:13:17-82
87            <meta-data
87-->[com.google.firebase:firebase-auth:22.1.2] AndroidManifest.xml:69:13-71:85
88                android:name="com.google.firebase.components:com.google.firebase.auth.FirebaseAuthRegistrar"
88-->[com.google.firebase:firebase-auth:22.1.2] AndroidManifest.xml:70:17-109
89                android:value="com.google.firebase.components.ComponentRegistrar" />
89-->[com.google.firebase:firebase-auth:22.1.2] AndroidManifest.xml:71:17-82
90            <meta-data
90-->[com.google.firebase:firebase-firestore:24.8.1] AndroidManifest.xml:17:13-19:85
91                android:name="com.google.firebase.components:com.google.firebase.firestore.FirestoreRegistrar"
91-->[com.google.firebase:firebase-firestore:24.8.1] AndroidManifest.xml:18:17-111
92                android:value="com.google.firebase.components.ComponentRegistrar" />
92-->[com.google.firebase:firebase-firestore:24.8.1] AndroidManifest.xml:19:17-82
93            <meta-data
93-->[com.google.firebase:firebase-storage:20.2.1] AndroidManifest.xml:32:13-34:85
94                android:name="com.google.firebase.components:com.google.firebase.storage.StorageRegistrar"
94-->[com.google.firebase:firebase-storage:20.2.1] AndroidManifest.xml:33:17-107
95                android:value="com.google.firebase.components.ComponentRegistrar" />
95-->[com.google.firebase:firebase-storage:20.2.1] AndroidManifest.xml:34:17-82
96            <meta-data
96-->[com.google.firebase:firebase-database:20.2.2] AndroidManifest.xml:31:13-33:85
97                android:name="com.google.firebase.components:com.google.firebase.database.DatabaseRegistrar"
97-->[com.google.firebase:firebase-database:20.2.2] AndroidManifest.xml:32:17-109
98                android:value="com.google.firebase.components.ComponentRegistrar" />
98-->[com.google.firebase:firebase-database:20.2.2] AndroidManifest.xml:33:17-82
99        </service>
100
101        <provider
101-->[:image_picker_android] AndroidManifest.xml:10:9-18:20
102            android:name="io.flutter.plugins.imagepicker.ImagePickerFileProvider"
102-->[:image_picker_android] AndroidManifest.xml:11:13-82
103            android:authorities="com.example.whatsapp_messenger.flutter.image_provider"
103-->[:image_picker_android] AndroidManifest.xml:12:13-74
104            android:exported="false"
104-->[:image_picker_android] AndroidManifest.xml:13:13-37
105            android:grantUriPermissions="true" >
105-->[:image_picker_android] AndroidManifest.xml:14:13-47
106            <meta-data
106-->[:image_picker_android] AndroidManifest.xml:15:13-17:75
107                android:name="android.support.FILE_PROVIDER_PATHS"
107-->[:image_picker_android] AndroidManifest.xml:16:17-67
108                android:resource="@xml/flutter_image_picker_file_paths" />
108-->[:image_picker_android] AndroidManifest.xml:17:17-72
109        </provider>
110
111        <activity
111-->[:url_launcher_android] AndroidManifest.xml:10:9-13:74
112            android:name="io.flutter.plugins.urllauncher.WebViewActivity"
112-->[:url_launcher_android] AndroidManifest.xml:11:13-74
113            android:exported="false"
113-->[:url_launcher_android] AndroidManifest.xml:12:13-37
114            android:theme="@android:style/Theme.NoTitleBar.Fullscreen" />
114-->[:url_launcher_android] AndroidManifest.xml:13:13-71
115        <activity
115-->[com.google.firebase:firebase-auth:22.1.2] AndroidManifest.xml:29:9-46:20
116            android:name="com.google.firebase.auth.internal.GenericIdpActivity"
116-->[com.google.firebase:firebase-auth:22.1.2] AndroidManifest.xml:30:13-80
117            android:excludeFromRecents="true"
117-->[com.google.firebase:firebase-auth:22.1.2] AndroidManifest.xml:31:13-46
118            android:exported="true"
118-->[com.google.firebase:firebase-auth:22.1.2] AndroidManifest.xml:32:13-36
119            android:launchMode="singleTask"
119-->[com.google.firebase:firebase-auth:22.1.2] AndroidManifest.xml:33:13-44
120            android:theme="@android:style/Theme.Translucent.NoTitleBar" >
120-->[com.google.firebase:firebase-auth:22.1.2] AndroidManifest.xml:34:13-72
121            <intent-filter>
121-->[com.google.firebase:firebase-auth:22.1.2] AndroidManifest.xml:35:13-45:29
122                <action android:name="android.intent.action.VIEW" />
122-->[com.google.firebase:firebase-auth:22.1.2] AndroidManifest.xml:36:17-69
122-->[com.google.firebase:firebase-auth:22.1.2] AndroidManifest.xml:36:25-66
123
124                <category android:name="android.intent.category.DEFAULT" />
124-->[com.google.firebase:firebase-auth:22.1.2] AndroidManifest.xml:38:17-76
124-->[com.google.firebase:firebase-auth:22.1.2] AndroidManifest.xml:38:27-73
125                <category android:name="android.intent.category.BROWSABLE" />
125-->[com.google.firebase:firebase-auth:22.1.2] AndroidManifest.xml:39:17-78
125-->[com.google.firebase:firebase-auth:22.1.2] AndroidManifest.xml:39:27-75
126
127                <data
127-->[com.google.firebase:firebase-auth:22.1.2] AndroidManifest.xml:41:17-44:51
128                    android:host="firebase.auth"
128-->[com.google.firebase:firebase-auth:22.1.2] AndroidManifest.xml:42:21-49
129                    android:path="/"
129-->[com.google.firebase:firebase-auth:22.1.2] AndroidManifest.xml:43:21-37
130                    android:scheme="genericidp" />
130-->[com.google.firebase:firebase-auth:22.1.2] AndroidManifest.xml:44:21-48
131            </intent-filter>
132        </activity>
133        <activity
133-->[com.google.firebase:firebase-auth:22.1.2] AndroidManifest.xml:47:9-64:20
134            android:name="com.google.firebase.auth.internal.RecaptchaActivity"
134-->[com.google.firebase:firebase-auth:22.1.2] AndroidManifest.xml:48:13-79
135            android:excludeFromRecents="true"
135-->[com.google.firebase:firebase-auth:22.1.2] AndroidManifest.xml:49:13-46
136            android:exported="true"
136-->[com.google.firebase:firebase-auth:22.1.2] AndroidManifest.xml:50:13-36
137            android:launchMode="singleTask"
137-->[com.google.firebase:firebase-auth:22.1.2] AndroidManifest.xml:51:13-44
138            android:theme="@android:style/Theme.Translucent.NoTitleBar" >
138-->[com.google.firebase:firebase-auth:22.1.2] AndroidManifest.xml:52:13-72
139            <intent-filter>
139-->[com.google.firebase:firebase-auth:22.1.2] AndroidManifest.xml:53:13-63:29
140                <action android:name="android.intent.action.VIEW" />
140-->[com.google.firebase:firebase-auth:22.1.2] AndroidManifest.xml:36:17-69
140-->[com.google.firebase:firebase-auth:22.1.2] AndroidManifest.xml:36:25-66
141
142                <category android:name="android.intent.category.DEFAULT" />
142-->[com.google.firebase:firebase-auth:22.1.2] AndroidManifest.xml:38:17-76
142-->[com.google.firebase:firebase-auth:22.1.2] AndroidManifest.xml:38:27-73
143                <category android:name="android.intent.category.BROWSABLE" />
143-->[com.google.firebase:firebase-auth:22.1.2] AndroidManifest.xml:39:17-78
143-->[com.google.firebase:firebase-auth:22.1.2] AndroidManifest.xml:39:27-75
144
145                <data
145-->[com.google.firebase:firebase-auth:22.1.2] AndroidManifest.xml:41:17-44:51
146                    android:host="firebase.auth"
146-->[com.google.firebase:firebase-auth:22.1.2] AndroidManifest.xml:42:21-49
147                    android:path="/"
147-->[com.google.firebase:firebase-auth:22.1.2] AndroidManifest.xml:43:21-37
148                    android:scheme="recaptcha" />
148-->[com.google.firebase:firebase-auth:22.1.2] AndroidManifest.xml:44:21-48
149            </intent-filter>
150        </activity>
151
152        <provider
152-->[com.google.firebase:firebase-common:20.3.3] AndroidManifest.xml:25:9-30:39
153            android:name="com.google.firebase.provider.FirebaseInitProvider"
153-->[com.google.firebase:firebase-common:20.3.3] AndroidManifest.xml:26:13-77
154            android:authorities="com.example.whatsapp_messenger.firebaseinitprovider"
154-->[com.google.firebase:firebase-common:20.3.3] AndroidManifest.xml:27:13-72
155            android:directBootAware="true"
155-->[com.google.firebase:firebase-common:20.3.3] AndroidManifest.xml:28:13-43
156            android:exported="false"
156-->[com.google.firebase:firebase-common:20.3.3] AndroidManifest.xml:29:13-37
157            android:initOrder="100" />
157-->[com.google.firebase:firebase-common:20.3.3] AndroidManifest.xml:30:13-36
158
159        <activity
159-->[com.google.android.gms:play-services-base:18.1.0] AndroidManifest.xml:20:9-22:45
160            android:name="com.google.android.gms.common.api.GoogleApiActivity"
160-->[com.google.android.gms:play-services-base:18.1.0] AndroidManifest.xml:20:19-85
161            android:exported="false"
161-->[com.google.android.gms:play-services-base:18.1.0] AndroidManifest.xml:22:19-43
162            android:theme="@android:style/Theme.Translucent.NoTitleBar" />
162-->[com.google.android.gms:play-services-base:18.1.0] AndroidManifest.xml:21:19-78
163
164        <meta-data
164-->[com.google.android.gms:play-services-basement:18.1.0] AndroidManifest.xml:21:9-23:69
165            android:name="com.google.android.gms.version"
165-->[com.google.android.gms:play-services-basement:18.1.0] AndroidManifest.xml:22:13-58
166            android:value="@integer/google_play_services_version" />
166-->[com.google.android.gms:play-services-basement:18.1.0] AndroidManifest.xml:23:13-66
167
168        <uses-library
168-->[androidx.window:window:1.0.0-beta04] AndroidManifest.xml:25:9-27:40
169            android:name="androidx.window.extensions"
169-->[androidx.window:window:1.0.0-beta04] AndroidManifest.xml:26:13-54
170            android:required="false" />
170-->[androidx.window:window:1.0.0-beta04] AndroidManifest.xml:27:13-37
171        <uses-library
171-->[androidx.window:window:1.0.0-beta04] AndroidManifest.xml:28:9-30:40
172            android:name="androidx.window.sidecar"
172-->[androidx.window:window:1.0.0-beta04] AndroidManifest.xml:29:13-51
173            android:required="false" />
173-->[androidx.window:window:1.0.0-beta04] AndroidManifest.xml:30:13-37
174
175        <provider
175-->[androidx.profileinstaller:profileinstaller:1.3.0] AndroidManifest.xml:24:9-32:20
176            android:name="androidx.startup.InitializationProvider"
176-->[androidx.profileinstaller:profileinstaller:1.3.0] AndroidManifest.xml:25:13-67
177            android:authorities="com.example.whatsapp_messenger.androidx-startup"
177-->[androidx.profileinstaller:profileinstaller:1.3.0] AndroidManifest.xml:26:13-68
178            android:exported="false" >
178-->[androidx.profileinstaller:profileinstaller:1.3.0] AndroidManifest.xml:27:13-37
179            <meta-data
179-->[androidx.profileinstaller:profileinstaller:1.3.0] AndroidManifest.xml:29:13-31:52
180                android:name="androidx.profileinstaller.ProfileInstallerInitializer"
180-->[androidx.profileinstaller:profileinstaller:1.3.0] AndroidManifest.xml:30:17-85
181                android:value="androidx.startup" />
181-->[androidx.profileinstaller:profileinstaller:1.3.0] AndroidManifest.xml:31:17-49
182        </provider>
183
184        <receiver
184-->[androidx.profileinstaller:profileinstaller:1.3.0] AndroidManifest.xml:34:9-52:20
185            android:name="androidx.profileinstaller.ProfileInstallReceiver"
185-->[androidx.profileinstaller:profileinstaller:1.3.0] AndroidManifest.xml:35:13-76
186            android:directBootAware="false"
186-->[androidx.profileinstaller:profileinstaller:1.3.0] AndroidManifest.xml:36:13-44
187            android:enabled="true"
187-->[androidx.profileinstaller:profileinstaller:1.3.0] AndroidManifest.xml:37:13-35
188            android:exported="true"
188-->[androidx.profileinstaller:profileinstaller:1.3.0] AndroidManifest.xml:38:13-36
189            android:permission="android.permission.DUMP" >
189-->[androidx.profileinstaller:profileinstaller:1.3.0] AndroidManifest.xml:39:13-57
190            <intent-filter>
190-->[androidx.profileinstaller:profileinstaller:1.3.0] AndroidManifest.xml:40:13-42:29
191                <action android:name="androidx.profileinstaller.action.INSTALL_PROFILE" />
191-->[androidx.profileinstaller:profileinstaller:1.3.0] AndroidManifest.xml:41:17-91
191-->[androidx.profileinstaller:profileinstaller:1.3.0] AndroidManifest.xml:41:25-88
192            </intent-filter>
193            <intent-filter>
193-->[androidx.profileinstaller:profileinstaller:1.3.0] AndroidManifest.xml:43:13-45:29
194                <action android:name="androidx.profileinstaller.action.SKIP_FILE" />
194-->[androidx.profileinstaller:profileinstaller:1.3.0] AndroidManifest.xml:44:17-85
194-->[androidx.profileinstaller:profileinstaller:1.3.0] AndroidManifest.xml:44:25-82
195            </intent-filter>
196            <intent-filter>
196-->[androidx.profileinstaller:profileinstaller:1.3.0] AndroidManifest.xml:46:13-48:29
197                <action android:name="androidx.profileinstaller.action.SAVE_PROFILE" />
197-->[androidx.profileinstaller:profileinstaller:1.3.0] AndroidManifest.xml:47:17-88
197-->[androidx.profileinstaller:profileinstaller:1.3.0] AndroidManifest.xml:47:25-85
198            </intent-filter>
199            <intent-filter>
199-->[androidx.profileinstaller:profileinstaller:1.3.0] AndroidManifest.xml:49:13-51:29
200                <action android:name="androidx.profileinstaller.action.BENCHMARK_OPERATION" />
200-->[androidx.profileinstaller:profileinstaller:1.3.0] AndroidManifest.xml:50:17-95
200-->[androidx.profileinstaller:profileinstaller:1.3.0] AndroidManifest.xml:50:25-92
201            </intent-filter>
202        </receiver>
203    </application>
204
205</manifest>